2023-02-20 07:21:04.606  INFO 12676 --- [main] xyz.jxzou.zblog.SystemApplication        : Starting SystemApplication using Java 1.8.0_321 on DESKTOP-C8JVGSQ with PID 12676 (E:\Projects\Issue\zblog\zblog\zblog-system\target\classes started by Jx in E:\Projects\Issue\zblog\zblog)
2023-02-20 07:21:04.619  INFO 12676 --- [main] xyz.jxzou.zblog.SystemApplication        : The following 5 profiles are active: "core", "auth", "exception", "redis", "dev"
2023-02-20 07:21:07.140  INFO 12676 --- [main] .s.d.r.c.RepositoryConfigurationDelegate : Multiple Spring Data modules found, entering strict repository configuration mode
2023-02-20 07:21:07.146  INFO 12676 --- [main] .s.d.r.c.RepositoryConfigurationDelegate : Bootstrapping Spring Data Redis repositories in DEFAULT mode.
2023-02-20 07:21:07.248  INFO 12676 --- [main] .s.d.r.c.RepositoryConfigurationDelegate : Finished Spring Data repository scanning in 68 ms. Found 0 Redis repository interfaces.
2023-02-20 07:21:07.932  INFO 12676 --- [main] ptablePropertiesBeanFactoryPostProcessor : Post-processing PropertySource instances
2023-02-20 07:21:07.935  INFO 12676 --- [main] c.u.j.EncryptablePropertySourceConverter : Skipping PropertySource configurationProperties [class org.springframework.boot.context.properties.source.ConfigurationPropertySourcesPropertySource
2023-02-20 07:21:07.937  INFO 12676 --- [main] c.u.j.EncryptablePropertySourceConverter : Skipping PropertySource servletConfigInitParams [class org.springframework.core.env.PropertySource$StubPropertySource
2023-02-20 07:21:07.937  INFO 12676 --- [main] c.u.j.EncryptablePropertySourceConverter : Skipping PropertySource servletContextInitParams [class org.springframework.core.env.PropertySource$StubPropertySource
2023-02-20 07:21:07.940  INFO 12676 --- [main] c.u.j.EncryptablePropertySourceConverter : Converting PropertySource systemProperties [org.springframework.core.env.PropertiesPropertySource] to EncryptableMapPropertySourceWrapper
2023-02-20 07:21:07.941  INFO 12676 --- [main] c.u.j.EncryptablePropertySourceConverter : Converting PropertySource systemEnvironment [org.springframework.boot.env.SystemEnvironmentPropertySourceEnvironmentPostProcessor$OriginAwareSystemEnvironmentPropertySource] to EncryptableSystemEnvironmentPropertySourceWrapper
2023-02-20 07:21:07.942  INFO 12676 --- [main] c.u.j.EncryptablePropertySourceConverter : Converting PropertySource random [org.springframework.boot.env.RandomValuePropertySource] to EncryptablePropertySourceWrapper
2023-02-20 07:21:07.942  INFO 12676 --- [main] c.u.j.EncryptablePropertySourceConverter : Converting PropertySource Config resource 'class path resource [application-redis.yml]' via location 'optional:classpath:/' [org.springframework.boot.env.OriginTrackedMapPropertySource] to EncryptableMapPropertySourceWrapper
2023-02-20 07:21:07.942  INFO 12676 --- [main] c.u.j.EncryptablePropertySourceConverter : Converting PropertySource Config resource 'class path resource [application-exception.yml]' via location 'optional:classpath:/' [org.springframework.boot.env.OriginTrackedMapPropertySource] to EncryptableMapPropertySourceWrapper
2023-02-20 07:21:07.943  INFO 12676 --- [main] c.u.j.EncryptablePropertySourceConverter : Converting PropertySource Config resource 'class path resource [application-auth.yml]' via location 'optional:classpath:/' [org.springframework.boot.env.OriginTrackedMapPropertySource] to EncryptableMapPropertySourceWrapper
2023-02-20 07:21:07.943  INFO 12676 --- [main] c.u.j.EncryptablePropertySourceConverter : Converting PropertySource Config resource 'class path resource [application-core.yml]' via location 'optional:classpath:/' [org.springframework.boot.env.OriginTrackedMapPropertySource] to EncryptableMapPropertySourceWrapper
2023-02-20 07:21:07.943  INFO 12676 --- [main] c.u.j.EncryptablePropertySourceConverter : Converting PropertySource Config resource 'class path resource [application.yml]' via location 'optional:classpath:/' [org.springframework.boot.env.OriginTrackedMapPropertySource] to EncryptableMapPropertySourceWrapper
2023-02-20 07:21:08.282  INFO 12676 --- [main] trationDelegate$BeanPostProcessorChecker : Bean 'rsaProperties' of type [xyz.jxzou.zblog.common.core.config.RsaProperties$$EnhancerBySpringCGLIB$$1] is not eligible for getting processed by all BeanPostProcessors (for example: not eligible for auto-proxying)
2023-02-20 07:21:08.300  INFO 12676 --- [main] c.u.j.filter.DefaultLazyPropertyFilter   : Property Filter custom Bean not found with name 'encryptablePropertyFilter'. Initializing Default Property Filter
2023-02-20 07:21:08.502  INFO 12676 --- [main] c.u.j.r.DefaultLazyPropertyResolver      : Property Resolver custom Bean not found with name 'encryptablePropertyResolver'. Initializing Default Property Resolver
2023-02-20 07:21:08.508  INFO 12676 --- [main] c.u.j.d.DefaultLazyPropertyDetector      : Property Detector custom Bean not found with name 'encryptablePropertyDetector'. Initializing Default Property Detector
2023-02-20 07:21:08.521  INFO 12676 --- [main] trationDelegate$BeanPostProcessorChecker : Bean 'redisProperties' of type [xyz.jxzou.zblog.redis.config.RedisProperties$$EnhancerBySpringCGLIB$$1] is not eligible for getting processed by all BeanPostProcessors (for example: not eligible for auto-proxying)
2023-02-20 07:21:08.999  INFO 12676 --- [main] trationDelegate$BeanPostProcessorChecker : Bean 'dynamicRedisTemplateProcessor' of type [xyz.jxzou.zblog.redis.processor.DynamicRedisTemplateProcessor] is not eligible for getting processed by all BeanPostProcessors (for example: not eligible for auto-proxying)
2023-02-20 07:21:09.000  INFO 12676 --- [main] trationDelegate$BeanPostProcessorChecker : Bean 'globalConfiguration' of type [xyz.jxzou.zblog.common.core.config.GlobalConfiguration$$EnhancerBySpringCGLIB$$1] is not eligible for getting processed by all BeanPostProcessors (for example: not eligible for auto-proxying)
2023-02-20 07:21:09.923  INFO 12676 --- [main] trationDelegate$BeanPostProcessorChecker : Bean 'rsaKeyPair' of type [xyz.jxzou.zblog.common.core.pojo.RSAKeyPair] is not eligible for getting processed by all BeanPostProcessors (for example: not eligible for auto-proxying)
2023-02-20 07:21:09.934  INFO 12676 --- [main] trationDelegate$BeanPostProcessorChecker : Bean 'jwtTokenUtil' of type [xyz.jxzou.zblog.auth.util.JwtTokenUtil] is not eligible for getting processed by all BeanPostProcessors (for example: not eligible for auto-proxying)
2023-02-20 07:21:09.942  INFO 12676 --- [main] trationDelegate$BeanPostProcessorChecker : Bean 'authProperties' of type [xyz.jxzou.zblog.auth.config.AuthProperties$$EnhancerBySpringCGLIB$$1] is not eligible for getting processed by all BeanPostProcessors (for example: not eligible for auto-proxying)
2023-02-20 07:21:09.965  INFO 12676 --- [main] trationDelegate$BeanPostProcessorChecker : Bean 'userRedisTemplate' of type [org.springframework.data.redis.core.RedisTemplate] is not eligible for getting processed by all BeanPostProcessors (for example: not eligible for auto-proxying)
2023-02-20 07:21:09.972  INFO 12676 --- [main] trationDelegate$BeanPostProcessorChecker : Bean 'clientRedisTemplate' of type [org.springframework.data.redis.core.RedisTemplate] is not eligible for getting processed by all BeanPostProcessors (for example: not eligible for auto-proxying)
2023-02-20 07:21:09.973  INFO 12676 --- [main] trationDelegate$BeanPostProcessorChecker : Bean 'jwtTokenFilter' of type [xyz.jxzou.zblog.auth.filter.JwtTokenFilter] is not eligible for getting processed by all BeanPostProcessors (for example: not eligible for auto-proxying)
2023-02-20 07:21:10.002  INFO 12676 --- [main] trationDelegate$BeanPostProcessorChecker : Bean 'enableGlobalAuthenticationAutowiredConfigurer' of type [org.springframework.security.config.annotation.authentication.configuration.AuthenticationConfiguration$EnableGlobalAuthenticationAutowiredConfigurer] is not eligible for getting processed by all BeanPostProcessors (for example: not eligible for auto-proxying)
2023-02-20 07:21:10.004  INFO 12676 --- [main] trationDelegate$BeanPostProcessorChecker : Bean 'initializeUserDetailsBeanManagerConfigurer' of type [org.springframework.security.config.annotation.authentication.configuration.InitializeUserDetailsBeanManagerConfigurer] is not eligible for getting processed by all BeanPostProcessors (for example: not eligible for auto-proxying)
2023-02-20 07:21:10.006  INFO 12676 --- [main] trationDelegate$BeanPostProcessorChecker : Bean 'initializeAuthenticationProviderBeanManagerConfigurer' of type [org.springframework.security.config.annotation.authentication.configuration.InitializeAuthenticationProviderBeanManagerConfigurer] is not eligible for getting processed by all BeanPostProcessors (for example: not eligible for auto-proxying)
2023-02-20 07:21:10.009  INFO 12676 --- [main] trationDelegate$BeanPostProcessorChecker : Bean 'org.springframework.security.config.annotation.authentication.configuration.AuthenticationConfiguration' of type [org.springframework.security.config.annotation.authentication.configuration.AuthenticationConfiguration] is not eligible for getting processed by all BeanPostProcessors (for example: not eligible for auto-proxying)
2023-02-20 07:21:10.035  INFO 12676 --- [main] trationDelegate$BeanPostProcessorChecker : Bean 'mybatis-plus-com.baomidou.mybatisplus.autoconfigure.MybatisPlusProperties' of type [com.baomidou.mybatisplus.autoconfigure.MybatisPlusProperties] is not eligible for getting processed by all BeanPostProcessors (for example: not eligible for auto-proxying)
2023-02-20 07:21:10.041  INFO 12676 --- [main] trationDelegate$BeanPostProcessorChecker : Bean 'com.baomidou.mybatisplus.autoconfigure.MybatisPlusAutoConfiguration' of type [com.baomidou.mybatisplus.autoconfigure.MybatisPlusAutoConfiguration] is not eligible for getting processed by all BeanPostProcessors (for example: not eligible for auto-proxying)
2023-02-20 07:21:10.042  INFO 12676 --- [main] trationDelegate$BeanPostProcessorChecker : Bean 'org.springframework.boot.autoconfigure.jdbc.DataSourceConfiguration$Hikari' of type [org.springframework.boot.autoconfigure.jdbc.DataSourceConfiguration$Hikari] is not eligible for getting processed by all BeanPostProcessors (for example: not eligible for auto-proxying)
2023-02-20 07:21:10.054  INFO 12676 --- [main] trationDelegate$BeanPostProcessorChecker : Bean 'spring.datasource-org.springframework.boot.autoconfigure.jdbc.DataSourceProperties' of type [org.springframework.boot.autoconfigure.jdbc.DataSourceProperties] is not eligible for getting processed by all BeanPostProcessors (for example: not eligible for auto-proxying)
2023-02-20 07:21:10.082  INFO 12676 --- [main] trationDelegate$BeanPostProcessorChecker : Bean 'dataSource' of type [com.zaxxer.hikari.HikariDataSource] is not eligible for getting processed by all BeanPostProcessors (for example: not eligible for auto-proxying)
2023-02-20 07:21:10.262  INFO 12676 --- [main] trationDelegate$BeanPostProcessorChecker : Bean 'userMetaObjectHandler' of type [xyz.jxzou.zblog.service.user.handler.UserMetaObjectHandler] is not eligible for getting processed by all BeanPostProcessors (for example: not eligible for auto-proxying)
2023-02-20 07:21:11.493  INFO 12676 --- [main] trationDelegate$BeanPostProcessorChecker : Bean 'sqlSessionFactory' of type [org.apache.ibatis.session.defaults.DefaultSqlSessionFactory] is not eligible for getting processed by all BeanPostProcessors (for example: not eligible for auto-proxying)
2023-02-20 07:21:11.505  INFO 12676 --- [main] trationDelegate$BeanPostProcessorChecker : Bean 'sqlSessionTemplate' of type [org.mybatis.spring.SqlSessionTemplate] is not eligible for getting processed by all BeanPostProcessors (for example: not eligible for auto-proxying)
2023-02-20 07:21:11.985  INFO 12676 --- [main] trationDelegate$BeanPostProcessorChecker : Bean 'userMapper' of type [org.mybatis.spring.mapper.MapperFactoryBean] is not eligible for getting processed by all BeanPostProcessors (for example: not eligible for auto-proxying)
2023-02-20 07:21:12.008  INFO 12676 --- [main] trationDelegate$BeanPostProcessorChecker : Bean 'userMapper' of type [com.sun.proxy.$Proxy91] is not eligible for getting processed by all BeanPostProcessors (for example: not eligible for auto-proxying)
2023-02-20 07:21:12.064  INFO 12676 --- [main] trationDelegate$BeanPostProcessorChecker : Bean 'roleMapper' of type [org.mybatis.spring.mapper.MapperFactoryBean] is not eligible for getting processed by all BeanPostProcessors (for example: not eligible for auto-proxying)
2023-02-20 07:21:12.070  INFO 12676 --- [main] trationDelegate$BeanPostProcessorChecker : Bean 'roleMapper' of type [com.sun.proxy.$Proxy92] is not eligible for getting processed by all BeanPostProcessors (for example: not eligible for auto-proxying)
2023-02-20 07:21:12.120  INFO 12676 --- [main] trationDelegate$BeanPostProcessorChecker : Bean 'permissionMapper' of type [org.mybatis.spring.mapper.MapperFactoryBean] is not eligible for getting processed by all BeanPostProcessors (for example: not eligible for auto-proxying)
2023-02-20 07:21:12.127  INFO 12676 --- [main] trationDelegate$BeanPostProcessorChecker : Bean 'permissionMapper' of type [com.sun.proxy.$Proxy93] is not eligible for getting processed by all BeanPostProcessors (for example: not eligible for auto-proxying)
2023-02-20 07:21:12.173  INFO 12676 --- [main] trationDelegate$BeanPostProcessorChecker : Bean 'userRoleMapper' of type [org.mybatis.spring.mapper.MapperFactoryBean] is not eligible for getting processed by all BeanPostProcessors (for example: not eligible for auto-proxying)
2023-02-20 07:21:12.179  INFO 12676 --- [main] trationDelegate$BeanPostProcessorChecker : Bean 'userRoleMapper' of type [com.sun.proxy.$Proxy94] is not eligible for getting processed by all BeanPostProcessors (for example: not eligible for auto-proxying)
2023-02-20 07:21:12.182  INFO 12676 --- [main] trationDelegate$BeanPostProcessorChecker : Bean 'captchaRedisTemplate' of type [org.springframework.data.redis.core.RedisTemplate] is not eligible for getting processed by all BeanPostProcessors (for example: not eligible for auto-proxying)
2023-02-20 07:21:12.182  INFO 12676 --- [main] trationDelegate$BeanPostProcessorChecker : Bean 'authServiceImpl' of type [xyz.jxzou.zblog.auth.service.impl.AuthServiceImpl] is not eligible for getting processed by all BeanPostProcessors (for example: not eligible for auto-proxying)
2023-02-20 07:21:12.260  INFO 12676 --- [main] trationDelegate$BeanPostProcessorChecker : Bean 'loginSuccessHandler' of type [xyz.jxzou.zblog.auth.handler.LoginSuccessHandler] is not eligible for getting processed by all BeanPostProcessors (for example: not eligible for auto-proxying)
2023-02-20 07:21:12.263  INFO 12676 --- [main] trationDelegate$BeanPostProcessorChecker : Bean 'loginFailedHandler' of type [xyz.jxzou.zblog.auth.handler.LoginFailedHandler] is not eligible for getting processed by all BeanPostProcessors (for example: not eligible for auto-proxying)
2023-02-20 07:21:12.268  INFO 12676 --- [main] trationDelegate$BeanPostProcessorChecker : Bean 'logoutSuccessHandler' of type [xyz.jxzou.zblog.auth.handler.LogoutSuccessHandler] is not eligible for getting processed by all BeanPostProcessors (for example: not eligible for auto-proxying)
2023-02-20 07:21:12.272  INFO 12676 --- [main] trationDelegate$BeanPostProcessorChecker : Bean 'authenticationFailedHandler' of type [xyz.jxzou.zblog.auth.handler.AuthenticationFailedHandler] is not eligible for getting processed by all BeanPostProcessors (for example: not eligible for auto-proxying)
2023-02-20 07:21:12.276  INFO 12676 --- [main] trationDelegate$BeanPostProcessorChecker : Bean 'authenticationAccessDeniedHandler' of type [xyz.jxzou.zblog.auth.handler.AuthenticationAccessDeniedHandler] is not eligible for getting processed by all BeanPostProcessors (for example: not eligible for auto-proxying)
2023-02-20 07:21:12.279  INFO 12676 --- [main] trationDelegate$BeanPostProcessorChecker : Bean 'authSecurityConfig' of type [xyz.jxzou.zblog.auth.config.AuthSecurityConfig$$EnhancerBySpringCGLIB$$1] is not eligible for getting processed by all BeanPostProcessors (for example: not eligible for auto-proxying)
2023-02-20 07:21:12.293  INFO 12676 --- [main] trationDelegate$BeanPostProcessorChecker : Bean 'grantedAuthorityDefaults' of type [org.springframework.security.config.core.GrantedAuthorityDefaults] is not eligible for getting processed by all BeanPostProcessors (for example: not eligible for auto-proxying)
2023-02-20 07:21:13.131  INFO 12676 --- [main] o.s.b.w.embedded.tomcat.TomcatWebServer  : Tomcat initialized with port(s): 8080 (http)
2023-02-20 07:21:13.159  INFO 12676 --- [main] o.apache.catalina.core.StandardService   : Starting service [Tomcat]
2023-02-20 07:21:13.159  INFO 12676 --- [main] org.apache.catalina.core.StandardEngine  : Starting Servlet engine: [Apache Tomcat/9.0.71]
2023-02-20 07:21:13.401  INFO 12676 --- [main] o.a.c.c.C.[Tomcat].[localhost].[/]       : Initializing Spring embedded WebApplicationContext
2023-02-20 07:21:13.401  INFO 12676 --- [main] w.s.c.ServletWebServerApplicationContext : Root WebApplicationContext: initialization completed in 8617 ms
2023-02-20 07:21:13.706  WARN 12676 --- [main] ion$DefaultTemplateResolverConfiguration : Cannot find template location: classpath:/templates/ (please add some templates, check your Thymeleaf configuration, or set spring.thymeleaf.check-template-location=false)
2023-02-20 07:21:14.695  INFO 12676 --- [main] o.s.s.web.DefaultSecurityFilterChain     : Will secure any request with [org.springframework.security.web.session.DisableEncodeUrlFilter@6814262d, org.springframework.security.web.context.request.async.WebAsyncManagerIntegrationFilter@7fc1fd31, org.springframework.security.web.context.SecurityContextPersistenceFilter@3bcc8f13, org.springframework.security.web.header.HeaderWriterFilter@58bad46f, org.springframework.web.filter.CorsFilter@75a9cc24, org.springframework.security.web.authentication.logout.LogoutFilter@5b490d5e, xyz.jxzou.zblog.auth.filter.JwtTokenFilter@6ef037e4, org.springframework.security.web.authentication.UsernamePasswordAuthenticationFilter@6231f77a, org.springframework.security.web.authentication.www.BasicAuthenticationFilter@68d8ae27, org.springframework.security.web.savedrequest.RequestCacheAwareFilter@73d91faf, org.springframework.security.web.servletapi.SecurityContextHolderAwareRequestFilter@df9d400, org.springframework.security.web.authentication.rememberme.RememberMeAuthenticationFilter@246df37b, org.springframework.security.web.authentication.AnonymousAuthenticationFilter@4449a60b, org.springframework.security.web.session.SessionManagementFilter@3ba97962, org.springframework.security.web.access.ExceptionTranslationFilter@2beee3e8, org.springframework.security.web.access.intercept.AuthorizationFilter@3eee08f5]
2023-02-20 07:21:15.666  INFO 12676 --- [main] o.s.b.w.embedded.tomcat.TomcatWebServer  : Tomcat started on port(s): 8080 (http) with context path ''
2023-02-20 07:21:15.669  INFO 12676 --- [main] u.j.c.RefreshScopeRefreshedEventListener : Refreshing cached encryptable property sources on ServletWebServerInitializedEvent
2023-02-20 07:21:15.671  INFO 12676 --- [main] CachingDelegateEncryptablePropertySource : Property Source systemProperties refreshed
2023-02-20 07:21:15.671  INFO 12676 --- [main] CachingDelegateEncryptablePropertySource : Property Source systemEnvironment refreshed
2023-02-20 07:21:15.671  INFO 12676 --- [main] CachingDelegateEncryptablePropertySource : Property Source random refreshed
2023-02-20 07:21:15.671  INFO 12676 --- [main] CachingDelegateEncryptablePropertySource : Property Source Config resource 'class path resource [application-redis.yml]' via location 'optional:classpath:/' refreshed
2023-02-20 07:21:15.671  INFO 12676 --- [main] CachingDelegateEncryptablePropertySource : Property Source Config resource 'class path resource [application-exception.yml]' via location 'optional:classpath:/' refreshed
2023-02-20 07:21:15.671  INFO 12676 --- [main] CachingDelegateEncryptablePropertySource : Property Source Config resource 'class path resource [application-auth.yml]' via location 'optional:classpath:/' refreshed
2023-02-20 07:21:15.671  INFO 12676 --- [main] CachingDelegateEncryptablePropertySource : Property Source Config resource 'class path resource [application-core.yml]' via location 'optional:classpath:/' refreshed
2023-02-20 07:21:15.671  INFO 12676 --- [main] CachingDelegateEncryptablePropertySource : Property Source Config resource 'class path resource [application.yml]' via location 'optional:classpath:/' refreshed
2023-02-20 07:21:15.671  INFO 12676 --- [main] c.u.j.EncryptablePropertySourceConverter : Skipping PropertySource configurationProperties [class org.springframework.boot.context.properties.source.ConfigurationPropertySourcesPropertySource
2023-02-20 07:21:15.672  INFO 12676 --- [main] c.u.j.EncryptablePropertySourceConverter : Skipping PropertySource servletConfigInitParams [class org.springframework.core.env.PropertySource$StubPropertySource
2023-02-20 07:21:15.672  INFO 12676 --- [main] c.u.j.EncryptablePropertySourceConverter : Converting PropertySource servletContextInitParams [org.springframework.web.context.support.ServletContextPropertySource] to EncryptableEnumerablePropertySourceWrapper
2023-02-20 07:21:15.690  INFO 12676 --- [main] xyz.jxzou.zblog.SystemApplication        : Started SystemApplication in 12.365 seconds (JVM running for 27.192)
